Traceback (most recent call last):
  File "/Users/eatai/.pyenv/versions/3.13.1/envs/datascience/lib/python3.13/site-packages/jupyter_cache/executors/utils.py", line 58, in single_nb_execution
    executenb(
    ~~~~~~~~~^
        nb,
        ^^^
    ...<4 lines>...
        **kwargs,
        ^^^^^^^^^
    )
    ^
  File "/Users/eatai/.pyenv/versions/3.13.1/envs/datascience/lib/python3.13/site-packages/nbclient/client.py", line 1319, in execute
    return NotebookClient(nb=nb, resources=resources, km=km, **kwargs).execute()
           ~~~~~~~~~~~~~~~~~~~~~~~~~~~~~~~~~~~~~~~~~~~~~~~~~~~~~~~~~~~~~~~~~~~^^
  File "/Users/eatai/.pyenv/versions/3.13.1/envs/datascience/lib/python3.13/site-packages/jupyter_core/utils/__init__.py", line 165, in wrapped
    return loop.run_until_complete(inner)
           ~~~~~~~~~~~~~~~~~~~~~~~^^^^^^^
  File "/Users/eatai/.pyenv/versions/3.13.1/lib/python3.13/asyncio/base_events.py", line 720, in run_until_complete
    return future.result()
           ~~~~~~~~~~~~~^^
  File "/Users/eatai/.pyenv/versions/3.13.1/envs/datascience/lib/python3.13/site-packages/nbclient/client.py", line 709, in async_execute
    await self.async_execute_cell(
        cell, index, execution_count=self.code_cells_executed + 1
    )
  File "/Users/eatai/.pyenv/versions/3.13.1/envs/datascience/lib/python3.13/site-packages/nbclient/client.py", line 1062, in async_execute_cell
    await self._check_raise_for_error(cell, cell_index, exec_reply)
  File "/Users/eatai/.pyenv/versions/3.13.1/envs/datascience/lib/python3.13/site-packages/nbclient/client.py", line 918, in _check_raise_for_error
    raise CellExecutionError.from_cell_and_msg(cell, exec_reply_content)
nbclient.exceptions.CellExecutionError: An error occurred while executing the following cell:
------------------
def f1(x):
    return x

def f2(x):
    return x**1.5

def f3(x):
    return x**2

x1, y1 = evalFunc(f1)
x2, y2 = evalFunc(f2)
x3, y3 = evalFunc(f3)

------------------


[0;31m---------------------------------------------------------------------------[0m
[0;31mNameError[0m                                 Traceback (most recent call last)
Cell [0;32mIn[8], line 10[0m
[1;32m      7[0m [38;5;28;01mdef[39;00m[38;5;250m [39m[38;5;21mf3[39m(x):
[1;32m      8[0m     [38;5;28;01mreturn[39;00m x[38;5;241m*[39m[38;5;241m*[39m[38;5;241m2[39m
[0;32m---> 10[0m x1, y1 [38;5;241m=[39m [43mevalFunc[49m[43m([49m[43mf1[49m[43m)[49m
[1;32m     11[0m x2, y2 [38;5;241m=[39m evalFunc(f2)
[1;32m     12[0m x3, y3 [38;5;241m=[39m evalFunc(f3)

Cell [0;32mIn[7], line 3[0m, in [0;36mevalFunc[0;34m(f, xvals)[0m
[1;32m      1[0m [38;5;28;01mdef[39;00m[38;5;250m [39m[38;5;21mevalFunc[39m(f, xvals[38;5;241m=[39m[38;5;28mlist[39m([38;5;28mrange[39m([38;5;241m0[39m,[38;5;241m10[39m))):
[0;32m----> 3[0m     [38;5;28;01mreturn[39;00m xvals, [43my[49m

[0;31mNameError[0m: name 'y' is not defined

